<?xml version="1.0" encoding="UTF-8"?>
<!-- Generated by org.testng.reporters.JUnitReportReporter -->
<testsuite hostname="DESKTOP-9ETLQV3" failures="0" tests="2" name="tests.A20_2_FillingTheForm" time="5.976" errors="0" timestamp="2021-11-01T10:01:40 EET" skipped="0">
  <testcase classname="tests.A20_2_FillingTheForm" name="fakerExample" time="3.228"/>
  <system-out/>
  <testcase classname="tests.A20_2_FillingTheForm" name="useUniqueEmail" time="2.748"/>
  <system-out/>
</testsuite> <!-- tests.A20_2_FillingTheForm -->
