<?xml version="1.0" encoding="UTF-8"?>
<!-- Generated by org.testng.reporters.JUnitReportReporter -->
<testsuite hostname="DESKTOP-9ETLQV3" failures="0" tests="1" name="tests.A32_2_UsingTestMethodInAnotherTestMethod" time="0.004" errors="0" timestamp="2021-11-01T14:57:42 EET" skipped="0">
  <testcase classname="tests.A32_2_UsingTestMethodInAnotherTestMethod" name="secondTest" time="0.004"/>
  <system-out/>
</testsuite> <!-- tests.A32_2_UsingTestMethodInAnotherTestMethod -->
