<?xml version="1.0" encoding="UTF-8"?>
<!-- Generated by org.testng.reporters.JUnitReportReporter -->
<testsuite hostname="DESKTOP-9ETLQV3" failures="0" tests="2" name="tests.A29_03_ISuiteListener" time="0.004" errors="0" timestamp="2021-10-28T15:19:12 EEST" skipped="0">
  <testcase classname="tests.A29_03_ISuiteListener" name="ITestListenerExample1" time="0.004"/>
  <system-out/>
  <testcase classname="tests.A29_03_ISuiteListener" name="ITestListenerExample2" time="0.000"/>
  <system-out/>
</testsuite> <!-- tests.A29_03_ISuiteListener -->
