<?xml version="1.0" encoding="UTF-8"?>
<!-- Generated by org.testng.reporters.JUnitReportReporter -->
<testsuite hostname="DESKTOP-9ETLQV3" failures="0" tests="1" name="tests.A05_FluentWait" time="0.057" errors="0" timestamp="2021-10-30T23:59:21 EEST" skipped="0">
  <testcase classname="tests.A05_FluentWait" name="FluentWait" time="0.057"/>
  <system-out/>
</testsuite> <!-- tests.A05_FluentWait -->
