<?xml version="1.0" encoding="UTF-8"?>
<!-- Generated by org.testng.reporters.JUnitReportReporter -->
<testsuite hostname="DESKTOP-9ETLQV3" failures="0" tests="4" name="tests.A18_BrokenLinksImages" time="3.804" errors="0" timestamp="2021-11-01T09:48:31 EET" skipped="0">
  <testcase classname="tests.A18_BrokenLinksImages" name="CheckAllImagesFromThePageForBrokenImages" time="0.056"/>
  <system-out/>
  <testcase classname="tests.A18_BrokenLinksImages" name="CheckElementSize" time="0.017"/>
  <system-out/>
  <testcase classname="tests.A18_BrokenLinksImages" name="CheckElementIsDisplayed" time="0.023"/>
  <system-out/>
  <testcase classname="tests.A18_BrokenLinksImages" name="CheckIfLinkIsBroken" time="3.708"/>
  <system-out/>
</testsuite> <!-- tests.A18_BrokenLinksImages -->
