<?xml version="1.0" encoding="UTF-8"?>
<!-- Generated by org.testng.reporters.JUnitReportReporter -->
<testsuite hostname="DESKTOP-9ETLQV3" failures="0" tests="1" name="tests.A22_3_NestedFrames" time="16.233" errors="0" timestamp="2021-11-01T10:23:23 EET" skipped="0">
  <testcase classname="tests.A22_3_NestedFrames" name="nestedFramesExample" time="16.233"/>
  <system-out/>
</testsuite> <!-- tests.A22_3_NestedFrames -->
