<?xml version="1.0" encoding="UTF-8"?>
<!-- Generated by org.testng.reporters.JUnitReportReporter -->
<testsuite hostname="DESKTOP-9ETLQV3" failures="0" tests="1" name="tests.A01_NoWaits" time="0.187" errors="0" timestamp="2021-10-30T23:51:48 EEST" skipped="0">
  <testcase classname="tests.A01_NoWaits" name="SearchUsingGoogle" time="0.187"/>
  <system-out/>
</testsuite> <!-- tests.A01_NoWaits -->
