<?xml version="1.0" encoding="UTF-8"?>
<!-- Generated by org.testng.reporters.JUnitReportReporter -->
<testsuite hostname="DESKTOP-9ETLQV3" failures="0" tests="1" name="tests.A24_1_WorkingWithTables" time="2.785" errors="0" timestamp="2021-11-01T10:24:41 EET" skipped="0">
  <testcase classname="tests.A24_1_WorkingWithTables" name="TableExample1" time="2.785"/>
  <system-out/>
</testsuite> <!-- tests.A24_1_WorkingWithTables -->
