<?xml version="1.0" encoding="UTF-8"?>
<!-- Generated by org.testng.reporters.JUnitReportReporter -->
<testsuite hostname="DESKTOP-9ETLQV3" failures="0" tests="4" name="tests.A17_BrowserTabOperations" time="2.005" errors="0" timestamp="2021-11-01T09:48:09 EET" skipped="0">
  <testcase classname="tests.A17_BrowserTabOperations" name="ClickOnSimpleHyperlinkAndAssertTheResult" time="0.434"/>
  <system-out/>
  <testcase classname="tests.A17_BrowserTabOperations" name="SelectAllTextFromThePage" time="0.036"/>
  <system-out/>
  <testcase classname="tests.A17_BrowserTabOperations" name="OpenNewTabAndEnterURLInside" time="1.522"/>
  <system-out/>
  <testcase classname="tests.A17_BrowserTabOperations" name="SelectAllTextFromThePageExample2" time="0.013"/>
  <system-out/>
</testsuite> <!-- tests.A17_BrowserTabOperations -->
