<?xml version="1.0" encoding="UTF-8"?>
<!-- Generated by org.testng.reporters.JUnitReportReporter -->
<testsuite hostname="DESKTOP-9ETLQV3" failures="0" tests="1" name="tests.A24_2_WorkingWithTables" time="131.601" errors="0" timestamp="2021-11-01T14:44:20 EET" skipped="0">
  <testcase classname="tests.A24_2_WorkingWithTables" name="tableExample2" time="131.601"/>
  <system-out/>
</testsuite> <!-- tests.A24_2_WorkingWithTables -->
