<?xml version="1.0" encoding="UTF-8"?>
<!-- Generated by org.testng.reporters.JUnitReportReporter -->
<testsuite hostname="DESKTOP-9ETLQV3" failures="0" tests="1" name="tests.A30_BrowserDriverSystemPropertyExample" time="0.996" errors="0" timestamp="2021-11-01T10:55:13 EET" skipped="0">
  <testcase classname="tests.A30_BrowserDriverSystemPropertyExample" name="getScreenShotExampleWhenMethodFails" time="0.996"/>
  <system-out/>
</testsuite> <!-- tests.A30_BrowserDriverSystemPropertyExample -->
