<?xml version="1.0" encoding="UTF-8"?>
<!-- Generated by org.testng.reporters.JUnitReportReporter -->
<testsuite hostname="DESKTOP-9ETLQV3" failures="0" tests="2" name="tests.A33_WorkingWithTables" time="28.000" errors="0" timestamp="2021-11-02T12:39:03 EET" skipped="0">
  <testcase classname="tests.A33_WorkingWithTables" name="getDataFromExcelFile" time="20.726"/>
  <system-out/>
  <testcase classname="tests.A33_WorkingWithTables" name="getDataFromExcelFile" time="7.274"/>
  <system-out/>
</testsuite> <!-- tests.A33_WorkingWithTables -->
