<?xml version="1.0" encoding="UTF-8"?>
<!-- Generated by org.testng.reporters.JUnitReportReporter -->
<testsuite hostname="DESKTOP-9ETLQV3" failures="0" tests="1" name="tests.A20_5_FillingTheForm" time="2.645" errors="0" timestamp="2021-11-01T10:03:44 EET" skipped="0">
  <testcase classname="tests.A20_5_FillingTheForm" name="ImprooveSecondExample" time="2.645"/>
  <system-out/>
</testsuite> <!-- tests.A20_5_FillingTheForm -->
