<?xml version="1.0" encoding="UTF-8"?>
<!-- Generated by org.testng.reporters.JUnitReportReporter -->
<testsuite hostname="DESKTOP-9ETLQV3" failures="0" tests="3" name="tests.A25_2_ClassAnotationsExample" time="7.771" errors="0" timestamp="2021-11-01T10:48:24 EET" skipped="0">
  <testcase classname="tests.A25_2_ClassAnotationsExample" name="textExample1" time="2.465"/>
  <system-out/>
  <testcase classname="tests.A25_2_ClassAnotationsExample" name="textExample3" time="2.891"/>
  <system-out/>
  <testcase classname="tests.A25_2_ClassAnotationsExample" name="textExample2" time="2.415"/>
  <system-out/>
</testsuite> <!-- tests.A25_2_ClassAnotationsExample -->
