<?xml version="1.0" encoding="UTF-8"?>
<!-- Generated by org.testng.reporters.JUnitReportReporter -->
<testsuite hostname="DESKTOP-9ETLQV3" failures="0" tests="2" name="tests.A20_6_FillingTheForm" time="4.755" errors="0" timestamp="2021-11-01T10:04:36 EET" skipped="0">
  <testcase classname="tests.A20_6_FillingTheForm" name="CreateMethod" time="2.641"/>
  <system-out/>
  <testcase classname="tests.A20_6_FillingTheForm" name="CreateMethods" time="2.114"/>
  <system-out/>
</testsuite> <!-- tests.A20_6_FillingTheForm -->
