<?xml version="1.0" encoding="UTF-8"?>
<!-- Generated by org.testng.reporters.JUnitReportReporter -->
<testsuite hostname="DESKTOP-9ETLQV3" failures="0" tests="2" name="tests.A25_1_ClassAnotationsExample" time="1.777" errors="0" timestamp="2021-11-01T10:48:12 EET" skipped="0">
  <testcase classname="tests.A25_1_ClassAnotationsExample" name="TestMethod2" time="0.700"/>
  <system-out/>
  <testcase classname="tests.A25_1_ClassAnotationsExample" name="TestMethod1" time="1.077"/>
  <system-out/>
</testsuite> <!-- tests.A25_1_ClassAnotationsExample -->
