<?xml version="1.0" encoding="UTF-8"?>
<!-- Generated by org.testng.reporters.JUnitReportReporter -->
<testsuite hostname="DESKTOP-9ETLQV3" failures="0" tests="1" name="tests.A02_StaticWait" time="5.115" errors="0" timestamp="2021-10-30T23:53:27 EEST" skipped="0">
  <testcase classname="tests.A02_StaticWait" name="StaticWait" time="5.115"/>
  <system-out/>
</testsuite> <!-- tests.A02_StaticWait -->
