<?xml version="1.0" encoding="UTF-8"?>
<!-- Generated by org.testng.reporters.JUnitReportReporter -->
<testsuite hostname="DESKTOP-9ETLQV3" failures="0" tests="2" name="tests.A32_UsingDataFromExcel" time="0.002" errors="0" timestamp="2021-10-29T15:52:29 EEST" skipped="0">
  <testcase classname="tests.A32_UsingDataFromExcel" name="getDataFromExcelFile" time="0.002"/>
  <system-out/>
  <testcase classname="tests.A32_UsingDataFromExcel" name="getDataFromExcelFile" time="0.000"/>
  <system-out/>
</testsuite> <!-- tests.A32_UsingDataFromExcel -->
