<?xml version="1.0" encoding="UTF-8"?>
<!-- Generated by org.testng.reporters.JUnitReportReporter -->
<testsuite hostname="DESKTOP-9ETLQV3" failures="0" tests="1" name="tests.test" time="1.508" errors="0" timestamp="2021-10-28T19:34:56 EEST" skipped="0">
  <testcase classname="tests.test" name="testScreenshotExample" time="1.508"/>
  <system-out/>
</testsuite> <!-- tests.test -->
