<?xml version="1.0" encoding="UTF-8"?>
<!-- Generated by org.testng.reporters.JUnitReportReporter -->
<testsuite skipped="0" hostname="DESKTOP-9ETLQV3" name="tests.A20_9_IframeExamples" tests="1" failures="0" timestamp="2021-10-14T20:27:28 EEST" time="17.767" errors="0">
  <testcase name="changeToIframeByIndex" time="17.767" classname="tests.A20_9_IframeExamples"/>
  <system-out/>
</testsuite> <!-- tests.A20_9_IframeExamples -->
