<?xml version="1.0" encoding="UTF-8"?>
<!-- Generated by org.testng.reporters.JUnitReportReporter -->
<testsuite hostname="DESKTOP-9ETLQV3" failures="0" tests="2" name="tests.A12_ClickOnHyperlinks" time="0.094" errors="0" timestamp="2021-10-31T00:01:29 EEST" skipped="0">
  <testcase classname="tests.A12_ClickOnHyperlinks" name="ClickOnSimpleHyperlink" time="0.037"/>
  <system-out/>
  <testcase classname="tests.A12_ClickOnHyperlinks" name="ClickOnDynamicHyperlink" time="0.057"/>
  <system-out/>
</testsuite> <!-- tests.A12_ClickOnHyperlinks -->
