<?xml version="1.0" encoding="UTF-8"?>
<!-- Generated by org.testng.reporters.JUnitReportReporter -->
<testsuite hostname="DESKTOP-9ETLQV3" failures="0" tests="2" name="tests.A16_Assertions" time="0.133" errors="0" timestamp="2021-11-01T09:47:54 EET" skipped="0">
  <testcase classname="tests.A16_Assertions" name="SoftAsser" time="0.073"/>
  <system-out/>
  <testcase classname="tests.A16_Assertions" name="RegularAssert" time="0.060"/>
  <system-out/>
</testsuite> <!-- tests.A16_Assertions -->
