<?xml version="1.0" encoding="UTF-8"?>
<!-- Generated by org.testng.reporters.JUnitReportReporter -->
<testsuite hostname="DESKTOP-9ETLQV3" failures="0" tests="2" name="tests.A33_UsingDataFromExcel" time="13.025" errors="0" timestamp="2021-11-02T11:58:29 EET" skipped="0">
  <testcase classname="tests.A33_UsingDataFromExcel" name="getDataFromExcelFile" time="5.539"/>
  <system-out/>
  <testcase classname="tests.A33_UsingDataFromExcel" name="getDataFromExcelFile" time="7.486"/>
  <system-out/>
</testsuite> <!-- tests.A33_UsingDataFromExcel -->
