<?xml version="1.0" encoding="UTF-8"?>
<!-- Generated by org.testng.reporters.JUnitReportReporter -->
<testsuite hostname="DESKTOP-9ETLQV3" failures="0" tests="4" name="tests.A09_ClickButtons" time="0.369" errors="0" timestamp="2021-10-31T00:00:21 EEST" skipped="0">
  <testcase classname="tests.A09_ClickButtons" name="DoubleClickButton" time="0.146"/>
  <system-out/>
  <testcase classname="tests.A09_ClickButtons" name="ClickButtonUsingSendKeys" time="0.031"/>
  <system-out/>
  <testcase classname="tests.A09_ClickButtons" name="RightClickButton" time="0.150"/>
  <system-out/>
  <testcase classname="tests.A09_ClickButtons" name="ClickButton" time="0.042"/>
  <system-out/>
</testsuite> <!-- tests.A09_ClickButtons -->
