<?xml version="1.0" encoding="UTF-8"?>
<!-- Generated by org.testng.reporters.JUnitReportReporter -->
<testsuite hostname="DESKTOP-9ETLQV3" failures="0" tests="3" name="tests.example1" time="9.735" errors="0" timestamp="2021-10-27T19:57:14 EEST" skipped="0">
  <testcase classname="tests.example1" name="Example1" time="2.224"/>
  <system-out/>
  <testcase classname="tests.example1" name="Example3" time="1.855"/>
  <system-out/>
  <testcase classname="tests.example1" name="Example2" time="5.656"/>
  <system-out/>
</testsuite> <!-- tests.example1 -->
