<?xml version="1.0" encoding="UTF-8"?>
<!-- Generated by org.testng.reporters.JUnitReportReporter -->
<testsuite hostname="DESKTOP-9ETLQV3" failures="0" tests="1" name="tests.A10_CheckBox" time="0.044" errors="0" timestamp="2021-10-31T00:00:39 EEST" skipped="0">
  <testcase classname="tests.A10_CheckBox" name="ClickOnCheckBox" time="0.044"/>
  <system-out/>
</testsuite> <!-- tests.A10_CheckBox -->
