<?xml version="1.0" encoding="UTF-8"?>
<!-- Generated by org.testng.reporters.JUnitReportReporter -->
<testsuite hostname="DESKTOP-9ETLQV3" failures="0" tests="3" name="tests.A25_3_ClassAnotationsExample" time="7.501" errors="0" timestamp="2021-11-01T10:55:31 EET" skipped="0">
  <testcase classname="tests.A25_3_ClassAnotationsExample" name="textExample2" time="2.963"/>
  <system-out/>
  <testcase classname="tests.A25_3_ClassAnotationsExample" name="textExample1" time="2.449"/>
  <system-out/>
  <testcase classname="tests.A25_3_ClassAnotationsExample" name="textExample3" time="2.089"/>
  <system-out/>
</testsuite> <!-- tests.A25_3_ClassAnotationsExample -->
