<?xml version="1.0" encoding="UTF-8"?>
<!-- Generated by org.testng.reporters.JUnitReportReporter -->
<testsuite hostname="DESKTOP-9ETLQV3" failures="0" tests="1" name="tests.A20_1_FillingTheForm" time="0.695" errors="0" timestamp="2021-11-01T09:58:40 EET" skipped="0">
  <testcase classname="tests.A20_1_FillingTheForm" name="FillingTheFormWithCorrectDateFirstExample" time="0.695"/>
  <system-out/>
</testsuite> <!-- tests.A20_1_FillingTheForm -->
