<?xml version="1.0" encoding="UTF-8"?>
<!-- Generated by org.testng.reporters.JUnitReportReporter -->
<testsuite hostname="DESKTOP-9ETLQV3" failures="0" tests="6" name="tests.A21_AlertsExamples" time="14.628" errors="0" timestamp="2021-11-01T10:14:47 EET" skipped="0">
  <testcase classname="tests.A21_AlertsExamples" name="FillTextInAlertWithMethod" time="2.572"/>
  <system-out/>
  <testcase classname="tests.A21_AlertsExamples" name="AcceptAlertWithMethod" time="2.305"/>
  <system-out/>
  <testcase classname="tests.A21_AlertsExamples" name="AcceptTheAlertByAcceptMethod" time="2.459"/>
  <system-out/>
  <testcase classname="tests.A21_AlertsExamples" name="DismissAlertWithMethod" time="2.471"/>
  <system-out/>
  <testcase classname="tests.A21_AlertsExamples" name="SendTextTOAlert" time="2.461"/>
  <system-out/>
  <testcase classname="tests.A21_AlertsExamples" name="CancelTheAlertByDismissMethod" time="2.360"/>
  <system-out/>
</testsuite> <!-- tests.A21_AlertsExamples -->
