<?xml version="1.0" encoding="UTF-8"?>
<!-- Generated by org.testng.reporters.JUnitReportReporter -->
<testsuite hostname="DESKTOP-9ETLQV3" failures="0" tests="1" name="tests.A29_01_IInvokedMethodListener" time="0.004" errors="0" timestamp="2021-10-28T10:40:14 EEST" skipped="0">
  <testcase classname="tests.A29_01_IInvokedMethodListener" name="IInvokedMethodListenerExample" time="0.004"/>
  <system-out/>
</testsuite> <!-- tests.A29_01_IInvokedMethodListener -->
