<?xml version="1.0" encoding="UTF-8"?>
<!-- Generated by org.testng.reporters.JUnitReportReporter -->
<testsuite hostname="DESKTOP-9ETLQV3" failures="0" tests="1" name="tests.A15_1_UploadFile" time="0.054" errors="0" timestamp="2021-11-01T09:34:27 EET" skipped="0">
  <testcase classname="tests.A15_1_UploadFile" name="UploadFile" time="0.054"/>
  <system-out/>
</testsuite> <!-- tests.A15_1_UploadFile -->
