<?xml version="1.0" encoding="UTF-8"?>
<!-- Generated by org.testng.reporters.JUnitReportReporter -->
<testsuite hostname="DESKTOP-9ETLQV3" failures="0" tests="1" name="tests.A23_ModalWindowsExample" time="1.602" errors="0" timestamp="2021-11-01T10:24:04 EET" skipped="0">
  <testcase classname="tests.A23_ModalWindowsExample" name="modalWindowsExample" time="1.602"/>
  <system-out/>
</testsuite> <!-- tests.A23_ModalWindowsExample -->
