<?xml version="1.0" encoding="UTF-8"?>
<!-- Generated by org.testng.reporters.JUnitReportReporter -->
<testsuite hostname="DESKTOP-9ETLQV3" failures="0" tests="1" name="tests.A04_ExplicitWait" time="0.138" errors="0" timestamp="2021-10-30T23:59:11 EEST" skipped="0">
  <testcase classname="tests.A04_ExplicitWait" name="ExplicitWait" time="0.138"/>
  <system-out/>
</testsuite> <!-- tests.A04_ExplicitWait -->
