<?xml version="1.0" encoding="UTF-8"?>
<!-- Generated by org.testng.reporters.JUnitReportReporter -->
<testsuite skipped="0" hostname="DESKTOP-9ETLQV3" name="tests.A24_WorkingWithTables" tests="1" failures="0" timestamp="2021-10-15T10:48:19 EEST" time="6.963" errors="0">
  <testcase name="TableExample" time="6.963" classname="tests.A24_WorkingWithTables"/>
  <system-out/>
</testsuite> <!-- tests.A24_WorkingWithTables -->
