<?xml version="1.0" encoding="UTF-8"?>
<!-- Generated by org.testng.reporters.JUnitReportReporter -->
<testsuite hostname="DESKTOP-9ETLQV3" failures="0" tests="1" name="tests.A15_2_DownloadFileChrome" time="0.075" errors="0" timestamp="2021-11-01T09:47:18 EET" skipped="0">
  <testcase classname="tests.A15_2_DownloadFileChrome" name="DownloadFile" time="0.075"/>
  <system-out/>
</testsuite> <!-- tests.A15_2_DownloadFileChrome -->
