<?xml version="1.0" encoding="UTF-8"?>
<!-- Generated by org.testng.reporters.JUnitReportReporter -->
<testsuite hostname="DESKTOP-9ETLQV3" failures="0" tests="1" name="tests.A08_FillTextElement" time="0.185" errors="0" timestamp="2021-10-31T00:00:11 EEST" skipped="0">
  <testcase classname="tests.A08_FillTextElement" name="ImputTextElementWithText" time="0.185"/>
  <system-out/>
</testsuite> <!-- tests.A08_FillTextElement -->
