<?xml version="1.0" encoding="UTF-8"?>
<!-- Generated by org.testng.reporters.JUnitReportReporter -->
<testsuite hostname="DESKTOP-9ETLQV3" failures="0" tests="2" name="tests.A33_FinalTestClassExample" time="8.286" errors="0" timestamp="2021-11-03T09:54:04 EET" skipped="0">
  <testcase classname="tests.A33_FinalTestClassExample" name="finalTEstClassExample" time="1.149"/>
  <system-out/>
  <testcase classname="tests.A33_FinalTestClassExample" name="finalTEstClassExample" time="7.137"/>
  <system-out/>
</testsuite> <!-- tests.A33_FinalTestClassExample -->
