<?xml version="1.0" encoding="UTF-8"?>
<!-- Generated by org.testng.reporters.JUnitReportReporter -->
<testsuite skipped="0" hostname="DESKTOP-9ETLQV3" name="tests.A22_IframeExamples" tests="1" failures="0" timestamp="2021-10-15T12:47:20 EEST" time="17.655" errors="0">
  <testcase name="changeToIframeByIndex" time="17.655" classname="tests.A22_IframeExamples"/>
  <system-out/>
</testsuite> <!-- tests.A22_IframeExamples -->
