<?xml version="1.0" encoding="UTF-8"?>
<!-- Generated by org.testng.reporters.JUnitReportReporter -->
<testsuite hostname="DESKTOP-9ETLQV3" failures="0" tests="1" name="tests.A19_ElementNotFound" time="15.058" errors="0" timestamp="2021-11-01T12:29:45 EET" skipped="0">
  <testcase classname="tests.A19_ElementNotFound" name="checkForElement" time="15.058"/>
  <system-out/>
</testsuite> <!-- tests.A19_ElementNotFound -->
