<?xml version="1.0" encoding="UTF-8"?>
<!-- Generated by org.testng.reporters.JUnitReportReporter -->
<testsuite hostname="DESKTOP-9ETLQV3" failures="0" tests="1" name="tests.A14_CopyText" time="0.025" errors="0" timestamp="2021-10-31T00:01:51 EEST" skipped="0">
  <testcase classname="tests.A14_CopyText" name="CopyTextContent" time="0.025"/>
  <system-out/>
</testsuite> <!-- tests.A14_CopyText -->
