<?xml version="1.0" encoding="UTF-8"?>
<!-- Generated by org.testng.reporters.JUnitReportReporter -->
<testsuite hostname="DESKTOP-9ETLQV3" failures="0" tests="4" name="tests.A13_SelectDropDownList" time="0.405" errors="0" timestamp="2021-10-31T00:01:44 EEST" skipped="0">
  <testcase classname="tests.A13_SelectDropDownList" name="SelectDropDownListByValue" time="0.041"/>
  <system-out/>
  <testcase classname="tests.A13_SelectDropDownList" name="SelectDropDownListByIndex" time="0.120"/>
  <system-out/>
  <testcase classname="tests.A13_SelectDropDownList" name="SelectDropDownListByText" time="0.046"/>
  <system-out/>
  <testcase classname="tests.A13_SelectDropDownList" name="SelectDropDownListByClickingOnTheElements" time="0.198"/>
  <system-out/>
</testsuite> <!-- tests.A13_SelectDropDownList -->
