<?xml version="1.0" encoding="UTF-8"?>
<!-- Generated by org.testng.reporters.JUnitReportReporter -->
<testsuite skipped="0" hostname="DESKTOP-9ETLQV3" name="tests.A24_11_training" tests="1" failures="0" timestamp="2021-10-21T20:11:14 EEST" time="23.977" errors="0">
  <testcase name="modalWindowsExample" time="23.977" classname="tests.A24_11_training"/>
  <system-out/>
</testsuite> <!-- tests.A24_11_training -->
