<?xml version="1.0" encoding="UTF-8"?>
<!-- Generated by org.testng.reporters.JUnitReportReporter -->
<testsuite hostname="DESKTOP-9ETLQV3" failures="0" tests="2" name="tests.A28_03_ISuiteListener" time="0.004" errors="0" timestamp="2021-11-01T10:52:56 EET" skipped="0">
  <testcase classname="tests.A28_03_ISuiteListener" name="ITestListenerExample1" time="0.004"/>
  <system-out/>
  <testcase classname="tests.A28_03_ISuiteListener" name="ITestListenerExample2" time="0.000"/>
  <system-out/>
</testsuite> <!-- tests.A28_03_ISuiteListener -->
