<?xml version="1.0" encoding="UTF-8"?>
<!-- Generated by org.testng.reporters.JUnitReportReporter -->
<testsuite hostname="DESKTOP-9ETLQV3" failures="0" tests="4" name="tests.A29_02_ITestListener" time="0.006" errors="0" timestamp="2021-10-28T20:16:53 EEST" skipped="0">
  <testcase classname="tests.A29_02_ITestListener" name="ITestListenerExample1" time="0.001"/>
  <system-out/>
  <testcase classname="tests.A29_02_ITestListener" name="ITestListenerExample1" time="0.003"/>
  <system-out/>
  <testcase classname="tests.A29_02_ITestListener" name="ITestListenerExample2" time="0.001"/>
  <system-out/>
  <testcase classname="tests.A29_02_ITestListener" name="ITestListenerExample2" time="0.001"/>
  <system-out/>
</testsuite> <!-- tests.A29_02_ITestListener -->
