<?xml version="1.0" encoding="UTF-8"?>
<!-- Generated by org.testng.reporters.JUnitReportReporter -->
<testsuite hostname="DESKTOP-9ETLQV3" failures="0" tests="1" name="tests.A27_AutomationQAExame" time="49.003" errors="0" timestamp="2021-11-01T10:45:10 EET" skipped="0">
  <testcase classname="tests.A27_AutomationQAExame" name="getParametersXMLfiles" time="49.003"/>
  <system-out/>
</testsuite> <!-- tests.A27_AutomationQAExame -->
