<?xml version="1.0" encoding="UTF-8"?>
<!-- Generated by org.testng.reporters.JUnitReportReporter -->
<testsuite hostname="DESKTOP-9ETLQV3" failures="0" tests="1" name="tests.A22_1_IframeExamples" time="3.105" errors="0" timestamp="2021-11-01T10:21:06 EET" skipped="0">
  <testcase classname="tests.A22_1_IframeExamples" name="changeToIframeByIndex" time="3.105"/>
  <system-out/>
</testsuite> <!-- tests.A22_1_IframeExamples -->
