<?xml version="1.0" encoding="UTF-8"?>
<!-- Generated by org.testng.reporters.JUnitReportReporter -->
<testsuite hostname="DESKTOP-9ETLQV3" failures="0" tests="6" name="tests.A11_RadioButton" time="0.218" errors="0" timestamp="2021-10-31T00:01:03 EEST" skipped="0">
  <testcase classname="tests.A11_RadioButton" name="CheckIfRadioButtonIsALreadySelected" time="0.085"/>
  <system-out/>
  <testcase classname="tests.A11_RadioButton" name="ClickRadioButton2" time="0.030"/>
  <system-out/>
  <testcase classname="tests.A11_RadioButton" name="ClickRadioButton" time="0.019"/>
  <system-out/>
  <testcase classname="tests.A11_RadioButton" name="CheckIfRadioButtonIsClicable" time="0.014"/>
  <system-out/>
  <testcase classname="tests.A11_RadioButton" name="ClickRadioButtonAndCheckIfItsClicableVariant2" time="0.039"/>
  <system-out/>
  <testcase classname="tests.A11_RadioButton" name="ClickRadioButtonAndCheckIfItsClicable" time="0.031"/>
  <system-out/>
</testsuite> <!-- tests.A11_RadioButton -->
