<?xml version="1.0" encoding="UTF-8"?>
<!-- Generated by org.testng.reporters.JUnitReportReporter -->
<testsuite hostname="DESKTOP-9ETLQV3" failures="0" tests="2" name="tests.A20_7_FillingTheForm" time="11.734" errors="0" timestamp="2021-11-01T13:20:41 EET" skipped="0">
  <testcase classname="tests.A20_7_FillingTheForm" name="asserts" time="5.847"/>
  <system-out/>
  <testcase classname="tests.A20_7_FillingTheForm" name="finalTestView" time="5.887"/>
  <system-out/>
</testsuite> <!-- tests.A20_7_FillingTheForm -->
