<?xml version="1.0" encoding="UTF-8"?>
<!-- Generated by org.testng.reporters.JUnitReportReporter -->
<testsuite hostname="DESKTOP-9ETLQV3" failures="0" tests="4" name="tests.A28_02_ITestListener" time="0.004" errors="0" timestamp="2021-11-01T10:52:49 EET" skipped="0">
  <testcase classname="tests.A28_02_ITestListener" name="ITestListenerExample1" time="0.000"/>
  <system-out/>
  <testcase classname="tests.A28_02_ITestListener" name="ITestListenerExample1" time="0.003"/>
  <system-out/>
  <testcase classname="tests.A28_02_ITestListener" name="ITestListenerExample2" time="0.000"/>
  <system-out/>
  <testcase classname="tests.A28_02_ITestListener" name="ITestListenerExample2" time="0.001"/>
  <system-out/>
</testsuite> <!-- tests.A28_02_ITestListener -->
