<?xml version="1.0" encoding="UTF-8"?>
<!-- Generated by org.testng.reporters.JUnitReportReporter -->
<testsuite hostname="DESKTOP-9ETLQV3" failures="0" tests="1" name="tests.example2" time="5.331" errors="0" timestamp="2021-10-27T20:27:13 EEST" skipped="0">
  <testcase classname="tests.example2" name="TableExample2" time="5.331"/>
  <system-out/>
</testsuite> <!-- tests.example2 -->
