<?xml version="1.0" encoding="UTF-8"?>
<!-- Generated by org.testng.reporters.JUnitReportReporter -->
<testsuite skipped="0" hostname="DESKTOP-9ETLQV3" name="tests.A20_8_AlertsExamples" tests="1" failures="0" timestamp="2021-10-14T19:55:00 EEST" time="1.598" errors="0">
  <testcase name="FillTextInAlertWithMethod" time="1.598" classname="tests.A20_8_AlertsExamples"/>
  <system-out/>
</testsuite> <!-- tests.A20_8_AlertsExamples -->
