<?xml version="1.0" encoding="UTF-8"?>
<!-- Generated by org.testng.reporters.JUnitReportReporter -->
<testsuite hostname="DESKTOP-9ETLQV3" failures="0" tests="2" name="tests.A22_2_IframeExamples" time="20.836" errors="0" timestamp="2021-11-01T10:22:53 EET" skipped="0">
  <testcase classname="tests.A22_2_IframeExamples" name="changeToIframeByID" time="17.926"/>
  <system-out/>
  <testcase classname="tests.A22_2_IframeExamples" name="changeToIframeByIndex" time="2.910"/>
  <system-out/>
</testsuite> <!-- tests.A22_2_IframeExamples -->
