<?xml version="1.0" encoding="UTF-8"?>
<!-- Generated by org.testng.reporters.JUnitReportReporter -->
<testsuite hostname="DESKTOP-9ETLQV3" failures="0" tests="1" name="tests.A07_ExplicitWaitOutside" time="0.226" errors="0" timestamp="2021-10-30T23:59:59 EEST" skipped="0">
  <testcase classname="tests.A07_ExplicitWaitOutside" name="ExplicitWait" time="0.226"/>
  <system-out/>
</testsuite> <!-- tests.A07_ExplicitWaitOutside -->
