<?xml version="1.0" encoding="UTF-8"?>
<!-- Generated by org.testng.reporters.JUnitReportReporter -->
<testsuite hostname="DESKTOP-9ETLQV3" failures="0" tests="1" name="tests.A31_BrowserDriverSystemPropertyExample" time="0.699" errors="0" timestamp="2021-10-29T13:10:14 EEST" skipped="0">
  <testcase classname="tests.A31_BrowserDriverSystemPropertyExample" name="getScreenShotExampleWhenMethodFails" time="0.699"/>
  <system-out/>
</testsuite> <!-- tests.A31_BrowserDriverSystemPropertyExample -->
