<?xml version="1.0" encoding="UTF-8"?>
<!-- Generated by org.testng.reporters.JUnitReportReporter -->
<testsuite hostname="DESKTOP-9ETLQV3" failures="0" tests="1" name="tests.A26_ProvideParametersToTestMethod" time="24.318" errors="0" timestamp="2021-11-01T10:43:56 EET" skipped="0">
  <testcase classname="tests.A26_ProvideParametersToTestMethod" name="getParametersXMLfiles" time="24.318"/>
  <system-out/>
</testsuite> <!-- tests.A26_ProvideParametersToTestMethod -->
